<?xml version="1.0" encoding="UTF-8"?>
<!-- Generated by org.testng.reporters.JUnitReportReporter -->
<testsuite hostname="Dell-PC" failures="0" tests="4" name="testng.DependsOnMethods" time="0.026" errors="0" timestamp="2022-04-28T10:23:23 IST" skipped="0">
  <testcase classname="testng.DependsOnMethods" name="d" time="0.003"/>
  <system-out/>
  <testcase classname="testng.DependsOnMethods" name="b" time="0.003"/>
  <system-out/>
  <testcase classname="testng.DependsOnMethods" name="c" time="0.011"/>
  <system-out/>
  <testcase classname="testng.DependsOnMethods" name="a" time="0.009"/>
  <system-out/>
</testsuite> <!-- testng.DependsOnMethods -->
