<?xml version="1.0" encoding="UTF-8"?>
<!-- Generated by org.testng.reporters.JUnitReportReporter -->
<testsuite hostname="Dell-PC" failures="0" tests="4" name="testng.GroupProgramme$Groups_Program" time="0.032" errors="0" timestamp="2022-04-28T10:08:12 IST" skipped="0">
  <testcase classname="testng.GroupProgramme$Groups_Program" name="a" time="0.013"/>
  <system-out/>
  <testcase classname="testng.GroupProgramme$Groups_Program" name="c" time="0.004"/>
  <system-out/>
  <testcase classname="testng.GroupProgramme$Groups_Program" name="b" time="0.008"/>
  <system-out/>
  <testcase classname="testng.GroupProgramme$Groups_Program" name="d" time="0.007"/>
  <system-out/>
</testsuite> <!-- testng.GroupProgramme$Groups_Program -->
