<?xml version="1.0" encoding="UTF-8"?>
<!-- Generated by org.testng.reporters.JUnitReportReporter -->
<testsuite hostname="Dell-PC" failures="0" tests="4" name="testng.Priority" time="0.019" errors="0" timestamp="2022-04-28T09:50:15 IST" skipped="0">
  <testcase classname="testng.Priority" name="a" time="0.010"/>
  <system-out/>
  <testcase classname="testng.Priority" name="d" time="0.003"/>
  <system-out/>
  <testcase classname="testng.Priority" name="b" time="0.003"/>
  <system-out/>
  <testcase classname="testng.Priority" name="c" time="0.003"/>
  <system-out/>
</testsuite> <!-- testng.Priority -->
