<?xml version="1.0" encoding="UTF-8"?>
<!-- Generated by org.testng.reporters.JUnitReportReporter -->
<testsuite hostname="Dell-PC" failures="0" tests="1" name="testng.NewTestTestNgAnnotations" time="0.011" errors="0" timestamp="2022-04-14T16:05:36 IST" skipped="0">
  <testcase classname="testng.NewTestTestNgAnnotations" name="testCase2" time="0.011"/>
  <system-out/>
</testsuite> <!-- testng.NewTestTestNgAnnotations -->
