<?xml version="1.0" encoding="UTF-8"?>
<!-- Generated by org.testng.reporters.JUnitReportReporter -->
<testsuite hostname="Dell-PC" failures="0" tests="4" name="testng.Annotation" time="0.015" errors="0" timestamp="2022-04-28T10:27:35 IST" skipped="0">
  <testcase classname="testng.Annotation" name="b" time="0.003"/>
  <system-out/>
  <testcase classname="testng.Annotation" name="c" time="0.004"/>
  <system-out/>
  <testcase classname="testng.Annotation" name="d" time="0.002"/>
  <system-out/>
  <testcase classname="testng.Annotation" name="a" time="0.006"/>
  <system-out/>
</testsuite> <!-- testng.Annotation -->
