<?xml version="1.0" encoding="UTF-8"?>
<!-- Generated by org.testng.reporters.JUnitReportReporter -->
<testsuite hostname="Dell-PC" failures="0" tests="2" name="testNgexamples.NewTest" time="0.018" errors="0" timestamp="2022-04-14T10:36:55 IST" skipped="0">
  <testcase classname="testNgexamples.NewTest" name="f" time="0.011"/>
  <system-out/>
  <testcase classname="testNgexamples.NewTest" name="f" time="0.007"/>
  <system-out/>
</testsuite> <!-- testNgexamples.NewTest -->
